!!            LOG > opened on Sun, Aug 30 21:30:59 2015  
21:30      twily_ > has joined.
21:30             ! Total: 11 ops, 5 halfops, 7 voices, 372 normal
21:30 Join to #8chan was synced in 1 secs
21:31 MAKE_AMERIC   Selena225: http://tinychat.com/lawtism
21:31    xc3ls10r > has joined.
21:31 Territorioj   Selena225: are you putting on make up
21:31     grobend   MAKE_AMERICA_GREAT_AGAIN - fuck you, too faggot
21:31     grobend   Eat shit
21:31 Territorioj   cus we dont judge
21:31   Selena225   no
21:32   seeeeeeek    grobend, calm down
21:32        mjao   kek
21:32   seeeeeeek   do you need a hug?
21:32 Nignog_8625   no make up on tits!
21:32   Selena225   how do i get on this thing
21:32   seeeeeeek   I'll hug you on the internet
21:32 Territorioj   YOU CLICK IT
21:32 Territorioj   http://tinychat.com/lawtism
21:32   seeeeeeek   using 1996 emotes
21:32     grobend   seeeeeeek - die of cancer.
21:32  cool_ranch   https://www.reddit.com/user/grobend
21:32  cool_ranch   grobend, you're a fucking redditor. shut up
21:32 Nignog_8625   clic
21:32 MAKE_AMERIC   you click the link
21:32   seeeeeeek   ((((((((((((((( grobend )))))))))))))))))
21:32 MAKE_AMERIC   you cam up
21:32 MAKE_AMERIC   you talk
21:32     grobend   cool_ranch - 8chan is for faggots, brah
21:32  cool_ranch   grobend confirmed a redditor faggot
21:32  cool_ranch   https://www.reddit.com/user/grobend https://www.reddit.com/user/grobendhttps://www.reddit.com/user/grobendhttps://www.reddit.com/user/grobend
21:32  cool_ranch   ebin, get out normie B)
21:32  cool_ranch   and go back to ni/GG/er
21:33   faygoutte > has joined.
21:33     grobend   I'm reporting you to the internet police
21:33   seeeeeeek   SHIT
21:33   seeeeeeek   DON'T CALL THE iCops
21:34     grobend   IM GONNA DO IT
21:34   seeeeeeek   it's ok, we got a lawyer
21:34 Territorioj   we are all lawyers
21:34   faegoutte < has quit.
21:34 Territorioj   and girls
21:34             ! faygoutte is now known as faegoutte.
21:34      Rance- > has joined.
21:34      henson < has parted.
21:35   faegoutte   where did da gril go
21:35     grobend   Territoriojoven - eat shit, faggot
21:35 Territorioj   mjao: MAKE_AMERICA_GREAT_AGAIN she's fat
21:35 Territorioj   abort
21:35        bord > has joined.
21:36     grobend   I don't like fat bitches
21:37   seeeeeeek   who is this...... 8 chan
21:37     grobend   They should be put in concentration camps
21:37     darkman   an infamous hacker 
21:37   Selena225   hi
21:37    whatabot   hello Selena225!
21:37        tard   hi
21:37    whatabot   hello tard!
21:37             ! +b *!*@Rizon-BAFF2C90.com
21:37    whatabot < was kicked.
21:38         qeq   rip in piss 
21:39         qeq   whatabot (2015-2015)  -  He dindu nuffin - He was good boy - Church on Sunday 
21:40             ! negrojim is now known as [away_nj].
21:40 RumpleShitS > has joined.
21:40         qeq   he loved the police he loved his momma and was goin ta collage to make somethin of himself
21:40     MaraAnn < has quit.
21:41 FreshPrince < has quit.
21:41        bord < has parted.
21:41     fiebich > has joined.
21:41 BeutifulOne > has joined.
21:41             ! RumpleShitSkin is now known as KingOfCucks.
21:42     grobend   I REALLY fucking hate black people
21:42         qeq   shot down by a racist mod just for saying hello
21:42      suegar   i don't think anyone likes black people
21:42         qeq   #botlivesmatter
21:42      suegar   >worldstar gets on tinychat
21:43      suegar   >talks about matlab
21:43      suegar   kek
21:43             ! tyil is now known as mieko.
21:43   concerned < has quit.
21:43     grobend * beats the shit out of suegar
21:43  cool_ranch   HER NAME IS ASHLEY
21:43             ! mieko is now known as tyil.
21:43      suegar   i-i'm sorry
21:43  cool_ranch   GONNA BRING IN MORE DOX /b/ros xDDDD
21:43 Nignog_8625 < has quit.
21:44     Hubacub < has quit.
21:44     grobend   suegar - I'm going to kill you tonight.
21:44      suegar   i-i'm sorry grobend w-what can i d-do
21:44   seeeeeeek < has quit.
21:44     grobend   Stop fucking studdering
21:44 Drinky_Kraw   https://media.8ch.net/monster/src/1439527788726-0.jpg lol lamia body pillow
21:44     grobend   That's fucking pissing me off
21:44      suegar   i-im sorry i c-cant help it i-im scared
21:44 switchblade   suegar: lick his asshole, he's really into that sort of shit
21:45     grobend   LICK MY FUCKING TAINT
21:45      suegar   no t-thats dirty
21:45 switchblade   grobend's expanding his sexual horizons
21:45     grobend   ^
21:45    darkmage   http://pastebin.com/UBTVgAcc
21:45 BeutifulOne < has quit.
21:46       slave > has joined.
21:46       slave   soup
21:47   gnostikoi > has joined.
21:47     grobend   slave - have you ever actually even seen a pussy in person?
21:47 switchblade   pussies are gross
21:47 switchblade   ass > pussy
21:47     grobend   taint > ass > pussy
21:48     MaraAnn > has joined.
21:48 switchblade   but you can't penetrate a taint, though
21:48     grobend   You can if you try hard enough ;)
21:48 ToCtHeYoUnG   been trying to setupthis proxy
21:48        live > has joined.
!!            LOG > closed on Sun, Aug 30 21:48:38 2015  
!!            LOG > opened on Sun, Aug 30 22:00:39 2015  
22:00      twily_ > has joined.
22:00             ! Total: 11 ops, 5 halfops, 7 voices, 370 normal
22:00 Join to #8chan was synced in 1 secs
22:00        nono > has joined.
22:01        nono < has quit.
22:01  cool_ranch   cuck
22:01  cool_ranch   king cuck
22:01        _co_ < has quit.
22:02 MrAlexander   you mean gay porn
22:02 KingOfCucks   ayy cool_ranch
22:03 KingOfCucks   are you deliciouskek?
22:03  cool_ranch   go to the /pol/ mumble
22:03  cool_ranch   !
22:03  cool_ranch   no one is supposed to know my secret alexander
22:03 KingOfCucks   shieeeet I didn't even know there was one
22:03       taiwo < has parted.
22:03 Pochacuntus > has joined.
22:04    beltrain > has joined.
22:04  cool_ranch   ah then nevermind, I thought you were someone else then
22:04 KingOfCucks   yeah I'm not KingOfPol
22:04 KingOfCucks   I'm KingOfCucks =^)
22:04 switchblade   :v)
22:05 TheBaconFro < has quit.
22:08 MrAlexander   are you palsy
22:08  cool_ranch < has quit.
22:09    xc3ls10r < has quit.
22:10    beltrain < has parted.
22:11   mcelreath > has joined.
22:13       ghtdh > has joined.
22:15  deadbabies < has quit.
22:16   mcelreath < has parted.
22:17 TheBaconFro > has joined.
22:17      goeser > has joined.
22:17 switchblade < has quit.
22:17    RivenFox > has joined.
22:22 KingOfCucks < has quit.
22:22     weakfat > has joined.
22:23    RivenFox   dead chat :/
22:24 ToCtHeYoUnG   no one is onlol
22:24 ToCtHeYoUnG   I should have given everyone that link to the movie
22:25       dax0i > has joined.
22:25    RivenFox   oh everyone is watching your movie huh 
22:25 ToCtHeYoUnG   nah 
22:25 ToCtHeYoUnG   im wathcing the girl with the dragon tattoo
22:26       dax0i   no hebe channel?
22:26    LLhunter > has joined.
22:26 ToCtHeYoUnG   not for you
22:26    RivenFox   im fucking around in autodesk sketchbook 
22:26      goeser < has parted.
22:26 ToCtHeYoUnG   fuck that
22:26       ghtdh   your daily reminder to not be racist on 8chan and to spread a little love to your coloured friends :)
22:26 ToCtHeYoUnG   you should be in metasploit
22:26      cressy > has joined.
22:26 ToCtHeYoUnG   who?
22:26 ToCtHeYoUnG   "our colored friends"
22:27       dax0i   you mean, niggers?
22:27 ToCtHeYoUnG   everytime you say that, i know your life isnt going the way it was planned
22:27       dax0i   how was it planned then
22:27       ghtdh   please dont use the n-word, its very offensive
22:27    RivenFox   a nigger girls a white woman in cold blood on live news and films it as well on his phone 
22:28    RivenFox   and you liberals still suck nigger cock 
22:28 ToCtHeYoUnG   no one cares
22:28    RivenFox   *kill
22:28 ToCtHeYoUnG   American blacks are the way they are because of you
22:28   gnostikoi < has quit.
22:28 ToCtHeYoUnG   That is why blacks from other countries are different
22:28 ToCtHeYoUnG   when they come to America
22:29       dax0i   holy shit this chat is about as boring as the fucking board
22:29 ToCtHeYoUnG   tell me about it
22:29       ghtdh < has quit.
22:29   stonecold < has quit.
22:29    RivenFox   niggers fighting over diamonds in Africa are innocent huh
22:29     grobend < has quit.
22:30     grobend > has joined.
22:30 ToCtHeYoUnG   you mean the same diamonds you have an interest in
22:30    RivenFox   its the white man forcing them to fight over blood diamonds by paying them money for it 
22:30 ToCtHeYoUnG   everywhere the whiteman goes there is war
22:30 ToCtHeYoUnG   Its the world you created and yes
22:30 BarronWaffl   whiteness is a social construct
22:30 ToCtHeYoUnG   def
22:30 ToCtHeYoUnG   there are blacks of all colors and physical make ups
22:31 ToCtHeYoUnG   whites camefrom blacks
22:31         oem   TAKBIR ☝(°ヮ°) TAKBIIIIR
22:31       tales > has joined.
22:31 ToCtHeYoUnG   we should have left you in the caucus mountain
22:31      Skotty > has joined.
22:31     etter51 > has joined.
22:31 ToCtHeYoUnG   SKIIITTTYY
22:31    RivenFox   did you watch that black mime who performs in white makeup? 
22:31 ToCtHeYoUnG   SKIT SKOT SKOTTY
22:31     etter51 < has quit.
22:31 BarronWaffl   It's a pitty niggers don't burn as easily as coal does
22:31    RivenFox   its pretty classy 
22:31 ToCtHeYoUnG   no one cares
22:31       dax0i < has quit.
22:32 ToCtHeYoUnG   you care more than us
22:32 ToCtHeYoUnG   maybe you should focus on yourself and your women wouldnt choose us over you
22:33    RivenFox   i find it disturbing how women would willingly marry into poverty 
22:33 ToCtHeYoUnG   money is your construct
22:33 ToCtHeYoUnG   you can have all the money in the world and still be a poor man
22:34    RivenFox   money is the lube that keeps society running 
22:34      cressy < has parted.
22:34 ToCtHeYoUnG   If money was everything we wouldnt have lost in Vietnam
22:34 ToCtHeYoUnG   and look at society today
22:34 ToCtHeYoUnG   its in shambles
22:34 ToCtHeYoUnG   bubbles
22:34 ToCtHeYoUnG   booms and busts
22:34 BarronWaffl   Shambles?
22:34      prisoc > has joined.
22:34 ToCtHeYoUnG   waffles
22:35    RivenFox   notice how tyrants who want to rise up in power demand that society is in shambles and needs to be fixed...by all out war 
22:36 ToCtHeYoUnG   wtf does tht have to do with mme
22:36 Reed_Solomo   bad blood by taylor swift is the worst song she's ever made.  can't she make songs that aren't about bitching about other people?  She has no self awareness.  If you have a problem with everyone maybe you're the problem.  Kanye West was right to interrupt her.
22:36 Reed_Solomo   RivenFox: I know, like Taylor Swift
22:36 ToCtHeYoUnG   STFU
22:36    RivenFox   it means you are mindlessly parroting propaganda ToCtHeYoUnGeR 
22:37 ToCtHeYoUnG   even your genes are being weeded out of the genr pool
22:37       Roth_ < has quit.
22:37 Reed_Solomo   you didnt lose vietnam.  Is vietnam communist today?  Who the hell knows. Nobody cares
22:37    RivenFox   im half white btw 
22:37 ToCtHeYoUnG   your black then
22:37 Reed_Solomo   that's like saying you made half chocolate milk
22:37 ToCtHeYoUnG   ?
22:37    RivenFox   im french/filipino 
22:37 ToCtHeYoUnG   one drop rule :)
22:38 ToCtHeYoUnG   thts their rule
22:38     grobend < has quit.
22:38 Alexander_B > has joined.
22:38 ToCtHeYoUnG   back to the movie...
22:39 BarronWaffl   Vietnam is a pretty interesting war
22:39    RivenFox   landing on mars, building, the LHC, and growing a nervous system and you profess that society is in shambles 
22:40    RivenFox   god your pathetic 
22:40       h0pde < has quit.
22:40 Reed_Solomo   hey, we tesla invented electricity and shit and then WW1 happened
22:41 Reed_Solomo   so you can't correlate the two
22:41        Pixi < has quit.
22:41    RivenFox   and you stormfags sling meth and fuck white trash and call that a utopia 
22:41 BarronWaffl   We live in an age where you can spend all day memeposting while pissing in jugs
22:41 BarronWaffl   Life is good
22:41 Reed_Solomo   BarronWaffles: .. for you
22:41      lolmac > has joined.
22:42    LucidMew < has quit.
22:42 BarronWaffl   You're a pretty big guy
22:42   LucidMew_ > has joined.
22:42   gnostikoi > has joined.
22:43      prisoc < has parted.
22:43     weakfat * leans in.
22:43     weakfat   Was getting memes part of your plan?
22:43      palisi > has joined.
22:44 selenastarx < has quit.
22:44     ascoeur   memes are always the plan
22:44        Vypr < has quit.
22:45     weakfat   If women are so upset that we rape them, why don't they develop a method for men to extricate the part of their mind that wants sex?
22:45     weakfat   Are they afraid they'll be useless after the fact?
22:45 BarronWaffl   I thought that's what feminisim was?
22:45     weakfat   Feminism wants us to want sex.
22:46 ToCtHeYoUnG   lol
22:46 ToCtHeYoUnG   truth
22:46     Tavifag   https://en.wikipedia.org/wiki/Castration
22:46 BarronWaffl   Well it does a terrible job
22:46   LucidMew_ < has quit.
22:46     weakfat   Castration != lack of desire to penetrate
22:46 ToCtHeYoUnG   MGTOW + THE RED PILL
22:46    RivenFox   feminism makes my head spin at their constant double think hypocrisy I cant even 
22:46    LucidMew > has joined.
22:46 ToCtHeYoUnG   your mind hoe
22:47 ToCtHeYoUnG   lulz
22:48     weakfat   I'm going to save these questions for women I want to see mad
22:48  Ubermensch   kristina is non-white
22:48     weakfat   They'll want my dick inside them just to prove me wrong :^)
22:48 BarronWaffl   That's rape weakfat 
22:48     weakfat   Yes!
22:48 ToCtHeYoUnG   tru
22:49 ToCtHeYoUnG   thts how sad they r
22:49     weakfat   And I'll repeat the charade until they admit they want it
22:49    RivenFox   >seduce a guy
22:49    RivenFox   >sue him for rape 
22:49       slave < has quit.
22:49 ToCtHeYoUnG   yup
22:49     weakfat   >have kids against their will
22:49     weakfat   >sue them for being shitbags
22:49 ToCtHeYoUnG   They care not
22:49 ToCtHeYoUnG   they dont live in reality
22:49        nony   Miley Cyrus Disses Nicki Minaj Over Her Twitter Kerfuffle With Taylor Swift
22:50        nony   hah
22:50 ToCtHeYoUnG   only what their perception is
22:50        nony   the mildly affluent are fighting
22:50        nony   go make fun of them
22:50    RivenFox   >man falls in love with another man
22:50    RivenFox   >they become business partners and make a living together 
22:50     weakfat   nony, I... what
22:50      palisi < has parted.
22:50 ToCtHeYoUnG   That is why men are starting to see why women are treated the way that they are in the middle east
22:50        nony   team nicki
22:50     weakfat   nony, pls, they are women, fighting. Everything is as it should be
22:50        nony   suck me
22:50    fuhrmann > has joined.
22:50 ToCtHeYoUnG   You have to cover their beauty so that they can live without that being a factot
22:50 ToCtHeYoUnG   *factor
22:51        nony   what if nicki doesnt want me on her team
22:51 ToCtHeYoUnG   its the other way around
22:51 ToCtHeYoUnG   its your team
22:51 ToCtHeYoUnG   not hers
22:51 ToCtHeYoUnG   she cant own anything
22:51     weakfat   We should make it illegal for women to own clothing
22:52    RivenFox   women should only be used for reproduction and nothing else 
22:52     weakfat   ^
22:52 ToCtHeYoUnG   and nurturing and childcare
22:52 ToCtHeYoUnG   and if they have intelligence that too
22:52 ToCtHeYoUnG   but they should govern society
22:52       slave > has joined.
22:52 ToCtHeYoUnG   *shouldnt
22:52     weakfat   oh, okay
22:52     weakfat   I was going to kill you while you were asleep
22:52     weakfat   but you've redeemed yourself
22:53    RivenFox   well women do have breasts that contain milk 
22:53 ToCtHeYoUnG   and we can use those
22:53 ToCtHeYoUnG   but they shouldnt be running milk companies
22:53    RivenFox   indeed 
22:54    RivenFox   i was watching a showcase of an old ww2 nazi  paratrooper gun and I was astonished at the efficiency and elegance of it 
22:55         byn > has joined.
22:55    RivenFox   https://youtu.be/RbxRKXKht3Y
22:55 ToCtHeYoUnG   and
22:55 ToCtHeYoUnG   oh
22:55    RivenFox   F-42 
22:55   Selena225   hi
22:57  Firespike_ < has quit.
22:57 ToCtHeYoUnG   you can tell that guy doesnt like black people
22:58   Sycophant < has parted.
22:58  [humanity] > has joined.
22:58 TittyMonste   who DOES like black people
22:58 TittyMonste   c'mon
22:58  RickyPryds   breddy cool gun
22:58 AnimeWatche   http://world.guns.ru/assault/de/mkb42-h-e.html <----this
22:59          e5 > has joined.
22:59 AnimeWatche   nvm, wrong one
22:59 AnimeWatche   http://world.guns.ru/rifle/autoloading-rifles/de/fg-42-e.html
22:59 AnimeWatche   there.
22:59     weakfat < has quit.
22:59    fuhrmann < has parted.
23:00 ToCtHeYoUnG   you havent met the right black folks
23:00   m00tykins > has joined.
23:00 ToCtHeYoUnG   TittyMonster
23:00   holibaugh > has joined.
23:00 TittyMonste   hi
23:00 ToCtHeYoUnG   where are you from?
23:00 TittyMonste   what's up
23:00 TittyMonste   I'm from Canada
23:00 WHATTHEHELL > has joined.
23:00 TittyMonste   :I
23:00 ToCtHeYoUnG   oh
23:00 TittyMonste   why
23:00 TittyMonste   Did you think I was your internet girlfriend?
23:00 ToCtHeYoUnG   They are prolly not that bad up there
23:00   m00tykins   niggers
23:01          e5   is google working for you guys
23:01 ToCtHeYoUnG   though i have heard stories
23:01   m00tykins   gays are the illuminati
23:01 TittyMonste   gays also have that weird gay list
23:01 ToCtHeYoUnG   i use duck duck
23:01 TittyMonste   what's up with that?
23:01   m00tykins   homos
23:01   m00tykins   niggos
23:01    RivenFox   i wonder what shooting 8mm Mauser in full auto is like 
23:01          e5   duckduck works for me but google doesnt
23:02 ToCtHeYoUnG   duck duck and there are a couplle others that i use that are considered "private search engines"
23:02 ToCtHeYoUnG   some of the private ones are powered by google partly
23:02    RivenFox   bing lets customize image searchers more 
23:02    RivenFox   i just use it to find references 
23:02     simpadv > has joined.
23:02       h0pde > has joined.
23:03   m00tykins   why haven't any of you done this yet?
23:03   m00tykins   http://www.homebrewcpu.com/
23:03 TittyMonste   Why don't any of you goys use lycos?
23:03 TittyMonste   Remember lycos
23:03 TittyMonste   Is that even a thing still
23:03          e5   no i mean google is down
23:03 TittyMonste   fuck google
23:03          e5   which is strange cause thats never happened to me before
23:03   m00tykins   check out this badass gui
23:03   m00tykins   http://mycpu.selfhost.it/pictures/pic_cont2.png
23:04   m00tykins   the cursor is the red dot
23:04        dax0 > has joined.
23:04 ToCtHeYoUnG   "I am a newbie hacker, and i found out about linux about a week ago" 
23:04 ToCtHeYoUnG   TTOOPKEKK
23:05 WHATTHEHELL   Faking taco bell.
23:05 WHATTHEHELL   No fork in the bag.
23:05   m00tykins   don't you mean spork?
23:05   m00tykins   I thought tb used sporks
23:06       Jignx < has quit.
23:06   m00tykins   IS ANYONE HERE A GRRL??
23:06 MrAlexander   your mom
23:06   m00tykins   I WANNA CYBER
23:06 TittyMonste   Yeah your mom
23:06 TittyMonste   oh
23:06        Pixi > has joined.
23:06 TittyMonste   e.e I'm a girl then
23:06     simpadv * pokes tittymonster in the twat
23:06   m00tykins * spreads his ass and puckers his lovehole
23:06 TittyMonste   :(
23:06     simpadv   ayyo
23:07 TittyMonste   hi simpadv 
23:07   holibaugh < has parted.
23:07     simpadv   :'(
23:07     simpadv   yoyo
23:07   m00tykins   yolo
23:07   m00tykins   mcswaggins
23:07   m00tykins   sup mah niggs?
23:07   dissident < has quit.
23:07       Jesus   what is the diagnosis for the one who drew this http://img11.deviantart.net/883c/i/2011/235/e/b/super_piccolo_by_dbz2010-d47l629.jpg
23:07        plys > has joined.
23:08    RivenFox   warming up for drawing stuff 
23:08   m00tykins   gay bowel syndrome
23:08   m00tykins   https://en.wikipedia.org/wiki/Gay_bowel_syndrome
23:09    RivenFox   >not cleaning out your butt before sex 
23:11   m00tykins   my waifu came 4 times from buttsex last time we did it
23:11   m00tykins   but she was using a hitachi, so it was kinda cheating
23:11  Ubermensch < has quit.
!!            LOG > closed on Sun, Aug 30 23:11:58 2015  
